# Derivatives solution step at time 0 performed in 0 iterations with 0 error
# Key for lines starting with "Step":
# Step Time TStep NIter ResErr SolErr SolConv Out
Step 0 0 0 0 0 0 0 1
Step 1 0.0001 0.0001 5 9.44695e-06 0 0 1
Step 2 0.0002 0.0001 5 3.9894e-05 0 0 1
Step 3 0.0003 0.0001 6 2.28111e-05 0 0 1
Step 4 0.0004 0.0001 5 3.43672e-06 0 0 1
Step 5 0.0005 0.0001 4 7.98449e-06 0 0 1
Step 6 0.0006 0.0001 3 9.98509e-05 0 0 1
Step 7 0.0007 0.0001 3 1.23102e-06 0 0 1
Step 8 0.0008 0.0001 3 2.43923e-08 0 0 1
Step 9 0.0009 0.0001 2 2.21787e-05 0 0 1
Step 10 0.001 0.0001 2 5.73732e-07 0 0 1
Step 11 0.0011 0.0001 2 2.02858e-08 0 0 1
Step 12 0.0012 0.0001 2 1.32424e-08 0 0 1
Step 13 0.0013 0.0001 2 1.44718e-08 0 0 1
Step 14 0.0014 0.0001 2 1.88342e-08 0 0 1
Step 15 0.0015 0.0001 2 2.7156e-08 0 0 1
Step 16 0.0016 0.0001 2 4.90082e-08 0 0 1
Step 17 0.0017 0.0001 2 1.89492e-08 0 0 1
Step 18 0.0018 0.0001 2 9.67914e-09 0 0 1
Step 19 0.0019 0.0001 2 2.94851e-08 0 0 1
Step 20 0.002 0.0001 2 2.04576e-08 0 0 1
Step 21 0.0021 0.0001 2 2.17871e-08 0 0 1
Step 22 0.0022 0.0001 2 4.33595e-09 0 0 1
Step 23 0.0023 0.0001 2 4.47603e-08 0 0 1
Step 24 0.0024 0.0001 2 1.52876e-08 0 0 1
Step 25 0.0025 0.0001 2 2.05061e-08 0 0 1
Step 26 0.0026 0.0001 2 2.32353e-08 0 0 1
Step 27 0.0027 0.0001 2 1.38546e-08 0 0 1
Step 28 0.0028 0.0001 2 3.49624e-08 0 0 1
Step 29 0.0029 0.0001 2 1.53029e-08 0 0 1
Step 30 0.003 0.0001 2 4.63978e-08 0 0 1
Step 31 0.0031 0.0001 2 3.50114e-08 0 0 1
Step 32 0.0032 0.0001 2 1.14159e-08 0 0 1
Step 33 0.0033 0.0001 2 2.30832e-08 0 0 1
Step 34 0.0034 0.0001 2 2.60466e-08 0 0 1
Step 35 0.0035 0.0001 2 1.72831e-08 0 0 1
Step 36 0.0036 0.0001 2 2.06198e-08 0 0 1
Step 37 0.0037 0.0001 2 2.89608e-08 0 0 1
Step 38 0.0038 0.0001 2 3.08218e-08 0 0 1
Step 39 0.0039 0.0001 2 9.41219e-09 0 0 1
Step 40 0.004 0.0001 2 3.22191e-08 0 0 1
Step 41 0.0041 0.0001 2 1.48717e-08 0 0 1
Step 42 0.0042 0.0001 2 1.75432e-08 0 0 1
Step 43 0.0043 0.0001 2 1.04181e-08 0 0 1
Step 44 0.0044 0.0001 2 1.5546e-08 0 0 1
Step 45 0.0045 0.0001 2 4.38727e-09 0 0 1
Step 46 0.0046 0.0001 2 3.70683e-08 0 0 1
Step 47 0.0047 0.0001 2 3.36628e-08 0 0 1
Step 48 0.0048 0.0001 2 1.29151e-08 0 0 1
Step 49 0.0049 0.0001 2 2.22607e-08 0 0 1
Step 50 0.005 0.0001 2 3.30471e-08 0 0 1
Step 51 0.0051 0.0001 2 1.47436e-08 0 0 1
Step 52 0.0052 0.0001 2 3.61122e-08 0 0 1
Step 53 0.0053 0.0001 2 3.21808e-08 0 0 1
Step 54 0.0054 0.0001 2 1.60791e-08 0 0 1
Step 55 0.0055 0.0001 2 5.77582e-08 0 0 1
Step 56 0.0056 0.0001 2 3.37325e-08 0 0 1
Step 57 0.0057 0.0001 2 3.06222e-09 0 0 1
Step 58 0.0058 0.0001 2 3.60124e-08 0 0 1
Step 59 0.0059 0.0001 2 8.57215e-09 0 0 1
Step 60 0.006 0.0001 2 1.11533e-08 0 0 1
Step 61 0.0061 0.0001 2 2.61132e-08 0 0 1
Step 62 0.0062 0.0001 2 4.01067e-08 0 0 1
Step 63 0.0063 0.0001 2 1.10831e-08 0 0 1
Step 64 0.0064 0.0001 2 1.5182e-08 0 0 1
Step 65 0.0065 0.0001 2 4.37246e-08 0 0 1
Step 66 0.0066 0.0001 2 1.43592e-08 0 0 1
Step 67 0.0067 0.0001 2 1.52519e-08 0 0 1
Step 68 0.0068 0.0001 2 3.95033e-08 0 0 1
Step 69 0.0069 0.0001 2 3.72291e-09 0 0 1
Step 70 0.007 0.0001 2 1.04532e-08 0 0 1
Step 71 0.0071 0.0001 2 2.62016e-08 0 0 1
Step 72 0.0072 0.0001 2 1.94978e-08 0 0 1
Step 73 0.0073 0.0001 2 6.06775e-09 0 0 1
Step 74 0.0074 0.0001 2 1.0798e-08 0 0 1
Step 75 0.0075 0.0001 2 2.32424e-08 0 0 1
Step 76 0.0076 0.0001 2 7.98122e-08 0 0 1
Step 77 0.0077 0.0001 2 2.46148e-08 0 0 1
Step 78 0.0078 0.0001 2 2.56988e-08 0 0 1
Step 79 0.0079 0.0001 2 2.92313e-08 0 0 1
Step 80 0.008 0.0001 2 4.25176e-08 0 0 1
Step 81 0.0081 0.0001 2 3.5305e-08 0 0 1
Step 82 0.0082 0.0001 2 6.74685e-09 0 0 1
Step 83 0.0083 0.0001 2 2.96872e-08 0 0 1
Step 84 0.0084 0.0001 2 3.71145e-08 0 0 1
Step 85 0.0085 0.0001 2 1.11512e-08 0 0 1
Step 86 0.0086 0.0001 2 1.36757e-08 0 0 1
Step 87 0.0087 0.0001 2 3.98124e-08 0 0 1
Step 88 0.0088 0.0001 2 3.88232e-08 0 0 1
Step 89 0.0089 0.0001 2 3.96246e-08 0 0 1
Step 90 0.009 0.0001 2 3.92056e-08 0 0 1
Step 91 0.0091 0.0001 2 2.37613e-08 0 0 1
Step 92 0.0092 0.0001 2 1.65915e-08 0 0 1
Step 93 0.0093 0.0001 2 3.86366e-08 0 0 1
Step 94 0.0094 0.0001 2 3.59175e-08 0 0 1
Step 95 0.0095 0.0001 2 2.34341e-08 0 0 1
Step 96 0.0096 0.0001 2 1.61437e-08 0 0 1
Step 97 0.0097 0.0001 2 4.23198e-08 0 0 1
Step 98 0.0098 0.0001 2 3.64696e-08 0 0 1
Step 99 0.0099 0.0001 2 7.17851e-09 0 0 1
Step 100 0.01 0.0001 2 2.71242e-08 0 0 1
Step 101 0.0101 0.0001 2 1.20791e-08 0 0 1
Step 102 0.0102 0.0001 2 1.2247e-08 0 0 1
Step 103 0.0103 0.0001 2 2.33057e-08 0 0 1
Step 104 0.0104 0.0001 2 4.35377e-08 0 0 1
Step 105 0.0105 0.0001 2 1.60852e-08 0 0 1
Step 106 0.0106 0.0001 2 4.66656e-08 0 0 1
Step 107 0.0107 0.0001 2 4.21854e-08 0 0 1
Step 108 0.0108 0.0001 2 3.09062e-08 0 0 1
Step 109 0.0109 0.0001 2 3.60552e-08 0 0 1
Step 110 0.011 0.0001 2 3.54828e-08 0 0 1
Step 111 0.0111 0.0001 2 2.60734e-08 0 0 1
Step 112 0.0112 0.0001 2 1.87165e-08 0 0 1
Step 113 0.0113 0.0001 2 5.59585e-08 0 0 1
Step 114 0.0114 0.0001 2 1.37637e-08 0 0 1
Step 115 0.0115 0.0001 2 5.13552e-09 0 0 1
Step 116 0.0116 0.0001 2 2.97879e-08 0 0 1
Step 117 0.0117 0.0001 2 1.0246e-08 0 0 1
Step 118 0.0118 0.0001 2 1.23534e-08 0 0 1
Step 119 0.0119 0.0001 2 1.29068e-08 0 0 1
Step 120 0.012 0.0001 2 7.94092e-09 0 0 1
Step 121 0.0121 0.0001 2 1.73926e-08 0 0 1
Step 122 0.0122 0.0001 2 2.26203e-08 0 0 1
Step 123 0.0123 0.0001 2 1.94532e-08 0 0 1
Step 124 0.0124 0.0001 2 1.38024e-08 0 0 1
Step 125 0.0125 0.0001 2 2.9901e-08 0 0 1
Step 126 0.0126 0.0001 2 3.17532e-08 0 0 1
Step 127 0.0127 0.0001 2 2.42782e-08 0 0 1
Step 128 0.0128 0.0001 2 1.32928e-08 0 0 1
Step 129 0.0129 0.0001 2 2.13402e-08 0 0 1
Step 130 0.013 0.0001 2 5.10942e-08 0 0 1
Step 131 0.0131 0.0001 2 2.37226e-08 0 0 1
Step 132 0.0132 0.0001 2 2.95006e-08 0 0 1
Step 133 0.0133 0.0001 2 2.296e-08 0 0 1
Step 134 0.0134 0.0001 2 2.77835e-08 0 0 1
Step 135 0.0135 0.0001 2 5.89794e-09 0 0 1
Step 136 0.0136 0.0001 2 7.30177e-09 0 0 1
Step 137 0.0137 0.0001 2 9.81974e-09 0 0 1
Step 138 0.0138 0.0001 2 1.95203e-08 0 0 1
Step 139 0.0139 0.0001 2 2.62542e-08 0 0 1
Step 140 0.014 0.0001 2 4.20613e-09 0 0 1
Step 141 0.0141 0.0001 2 3.92325e-09 0 0 1
Step 142 0.0142 0.0001 2 1.11996e-08 0 0 1
Step 143 0.0143 0.0001 2 2.43641e-08 0 0 1
Step 144 0.0144 0.0001 2 1.65307e-08 0 0 1
Step 145 0.0145 0.0001 2 3.72552e-08 0 0 1
Step 146 0.0146 0.0001 2 1.88633e-08 0 0 1
Step 147 0.0147 0.0001 2 1.40373e-08 0 0 1
Step 148 0.0148 0.0001 2 2.53938e-08 0 0 1
Step 149 0.0149 0.0001 2 3.57112e-08 0 0 1
Step 150 0.015 0.0001 2 2.42881e-08 0 0 1
Step 151 0.0151 0.0001 2 3.22091e-08 0 0 1
Step 152 0.0152 0.0001 2 1.06328e-08 0 0 1
Step 153 0.0153 0.0001 2 1.8186e-08 0 0 1
Step 154 0.0154 0.0001 2 2.05017e-08 0 0 1
Step 155 0.0155 0.0001 2 7.48178e-09 0 0 1
Step 156 0.0156 0.0001 2 2.9004e-08 0 0 1
Step 157 0.0157 0.0001 2 5.17737e-09 0 0 1
Step 158 0.0158 0.0001 2 1.94946e-08 0 0 1
Step 159 0.0159 0.0001 2 3.25163e-08 0 0 1
Step 160 0.016 0.0001 2 3.12414e-08 0 0 1
Step 161 0.0161 0.0001 2 2.24344e-08 0 0 1
Step 162 0.0162 0.0001 2 2.15405e-08 0 0 1
Step 163 0.0163 0.0001 2 1.54871e-08 0 0 1
Step 164 0.0164 0.0001 2 2.38468e-08 0 0 1
Step 165 0.0165 0.0001 2 2.46896e-08 0 0 1
Step 166 0.0166 0.0001 2 2.37102e-09 0 0 1
Step 167 0.0167 0.0001 2 1.2125e-08 0 0 1
Step 168 0.0168 0.0001 2 1.1051e-08 0 0 1
Step 169 0.0169 0.0001 2 3.50373e-09 0 0 1
Step 170 0.017 0.0001 2 4.54443e-08 0 0 1
Step 171 0.0171 0.0001 2 3.46342e-08 0 0 1
Step 172 0.0172 0.0001 2 3.01336e-08 0 0 1
Step 173 0.0173 0.0001 2 7.80971e-09 0 0 1
Step 174 0.0174 0.0001 2 1.76553e-08 0 0 1
Step 175 0.0175 0.0001 2 2.93155e-08 0 0 1
Step 176 0.0176 0.0001 2 4.99311e-08 0 0 1
Step 177 0.0177 0.0001 2 8.86859e-09 0 0 1
Step 178 0.0178 0.0001 2 2.95637e-08 0 0 1
Step 179 0.0179 0.0001 2 3.7148e-08 0 0 1
Step 180 0.018 0.0001 2 2.35582e-08 0 0 1
Step 181 0.0181 0.0001 2 2.57867e-08 0 0 1
Step 182 0.0182 0.0001 2 1.40771e-08 0 0 1
Step 183 0.0183 0.0001 2 9.33275e-09 0 0 1
Step 184 0.0184 0.0001 2 2.71035e-08 0 0 1
Step 185 0.0185 0.0001 2 2.0355e-08 0 0 1
Step 186 0.0186 0.0001 2 3.15971e-08 0 0 1
Step 187 0.0187 0.0001 2 2.92355e-08 0 0 1
Step 188 0.0188 0.0001 2 2.31756e-08 0 0 1
Step 189 0.0189 0.0001 2 1.16691e-08 0 0 1
Step 190 0.019 0.0001 2 3.84272e-08 0 0 1
Step 191 0.0191 0.0001 2 2.17463e-08 0 0 1
Step 192 0.0192 0.0001 2 8.32091e-09 0 0 1
Step 193 0.0193 0.0001 2 1.11756e-08 0 0 1
Step 194 0.0194 0.0001 2 1.90778e-08 0 0 1
Step 195 0.0195 0.0001 2 1.70422e-08 0 0 1
Step 196 0.0196 0.0001 2 1.95721e-08 0 0 1
Step 197 0.0197 0.0001 2 1.9065e-08 0 0 1
Step 198 0.0198 0.0001 2 2.08625e-08 0 0 1
Step 199 0.0199 0.0001 2 2.00448e-08 0 0 1
Step 200 0.02 0.0001 2 3.96425e-09 0 0 1
Step 201 0.0201 0.0001 2 1.81739e-08 0 0 1
Step 202 0.0202 0.0001 2 2.48482e-08 0 0 1
Step 203 0.0203 0.0001 2 1.18166e-09 0 0 1
Step 204 0.0204 0.0001 2 3.32004e-08 0 0 1
Step 205 0.0205 0.0001 2 5.88672e-08 0 0 1
Step 206 0.0206 0.0001 2 5.56144e-09 0 0 1
Step 207 0.0207 0.0001 2 2.38892e-08 0 0 1
Step 208 0.0208 0.0001 2 4.47275e-08 0 0 1
Step 209 0.0209 0.0001 2 1.43941e-08 0 0 1
Step 210 0.021 0.0001 2 7.17064e-09 0 0 1
Step 211 0.0211 0.0001 2 4.5194e-08 0 0 1
Step 212 0.0212 0.0001 2 6.87947e-08 0 0 1
Step 213 0.0213 0.0001 2 5.81226e-08 0 0 1
Step 214 0.0214 0.0001 2 2.75531e-09 0 0 1
Step 215 0.0215 0.0001 2 1.57879e-08 0 0 1
Step 216 0.0216 0.0001 2 3.14718e-08 0 0 1
Step 217 0.0217 0.0001 2 1.16186e-08 0 0 1
Step 218 0.0218 0.0001 2 3.51642e-08 0 0 1
Step 219 0.0219 0.0001 2 1.33429e-08 0 0 1
Step 220 0.022 0.0001 2 3.18965e-08 0 0 1
Step 221 0.0221 0.0001 2 3.35222e-08 0 0 1
Step 222 0.0222 0.0001 2 3.52746e-08 0 0 1
Step 223 0.0223 0.0001 2 3.92836e-08 0 0 1
Step 224 0.0224 0.0001 2 2.03748e-08 0 0 1
Step 225 0.0225 0.0001 2 1.75305e-08 0 0 1
Step 226 0.0226 0.0001 2 2.75438e-08 0 0 1
Step 227 0.0227 0.0001 2 1.64509e-08 0 0 1
Step 228 0.0228 0.0001 2 3.77197e-08 0 0 1
Step 229 0.0229 0.0001 2 2.00767e-08 0 0 1
Step 230 0.023 0.0001 2 3.05991e-08 0 0 1
Step 231 0.0231 0.0001 2 2.66358e-08 0 0 1
Step 232 0.0232 0.0001 2 6.39974e-08 0 0 1
Step 233 0.0233 0.0001 2 3.17183e-08 0 0 1
Step 234 0.0234 0.0001 2 3.03084e-08 0 0 1
Step 235 0.0235 0.0001 2 3.69178e-08 0 0 1
Step 236 0.0236 0.0001 2 2.19114e-08 0 0 1
Step 237 0.0237 0.0001 2 5.93456e-08 0 0 1
Step 238 0.0238 0.0001 2 1.29185e-08 0 0 1
Step 239 0.0239 0.0001 2 1.59268e-08 0 0 1
Step 240 0.024 0.0001 2 1.3329e-08 0 0 1
Step 241 0.0241 0.0001 2 5.32327e-08 0 0 1
Step 242 0.0242 0.0001 2 2.57549e-08 0 0 1
Step 243 0.0243 0.0001 2 2.30021e-08 0 0 1
Step 244 0.0244 0.0001 2 1.33306e-08 0 0 1
Step 245 0.0245 0.0001 2 1.77146e-08 0 0 1
Step 246 0.0246 0.0001 2 1.1369e-08 0 0 1
Step 247 0.0247 0.0001 2 1.89954e-08 0 0 1
Step 248 0.0248 0.0001 2 2.90107e-08 0 0 1
Step 249 0.0249 0.0001 2 1.61741e-08 0 0 1
Step 250 0.025 0.0001 2 4.00655e-08 0 0 1
Step 251 0.0251 0.0001 2 3.6948e-08 0 0 1
Step 252 0.0252 0.0001 2 3.11045e-08 0 0 1
Step 253 0.0253 0.0001 2 9.91873e-09 0 0 1
Step 254 0.0254 0.0001 2 1.82026e-08 0 0 1
Step 255 0.0255 0.0001 2 2.30699e-08 0 0 1
Step 256 0.0256 0.0001 2 3.11595e-08 0 0 1
Step 257 0.0257 0.0001 2 3.14201e-08 0 0 1
Step 258 0.0258 0.0001 2 4.96588e-08 0 0 1
Step 259 0.0259 0.0001 2 3.62985e-08 0 0 1
Step 260 0.026 0.0001 2 3.42326e-08 0 0 1
Step 261 0.0261 0.0001 2 1.26983e-08 0 0 1
Step 262 0.0262 0.0001 2 1.76677e-08 0 0 1
Step 263 0.0263 0.0001 2 7.06294e-09 0 0 1
Step 264 0.0264 0.0001 2 1.90998e-08 0 0 1
Step 265 0.0265 0.0001 2 2.11046e-08 0 0 1
Step 266 0.0266 0.0001 2 4.26764e-08 0 0 1
Step 267 0.0267 0.0001 2 1.89517e-08 0 0 1
Step 268 0.0268 0.0001 2 1.36433e-08 0 0 1
Step 269 0.0269 0.0001 2 5.17949e-08 0 0 1
Step 270 0.027 0.0001 2 1.3166e-08 0 0 1
Step 271 0.0271 0.0001 2 4.95575e-08 0 0 1
Step 272 0.0272 0.0001 2 2.21197e-08 0 0 1
Step 273 0.0273 0.0001 2 1.5146e-08 0 0 1
Step 274 0.0274 0.0001 2 4.28242e-08 0 0 1
Step 275 0.0275 0.0001 2 1.5294e-08 0 0 1
Step 276 0.0276 0.0001 2 2.3359e-08 0 0 1
Step 277 0.0277 0.0001 2 2.44159e-08 0 0 1
Step 278 0.0278 0.0001 2 2.61085e-08 0 0 1
Step 279 0.0279 0.0001 2 3.27935e-08 0 0 1
Step 280 0.028 0.0001 2 2.65841e-08 0 0 1
Step 281 0.0281 0.0001 2 1.13439e-08 0 0 1
Step 282 0.0282 0.0001 2 1.75179e-08 0 0 1
Step 283 0.0283 0.0001 2 1.19952e-08 0 0 1
Step 284 0.0284 0.0001 2 2.6405e-08 0 0 1
Step 285 0.0285 0.0001 2 2.01041e-08 0 0 1
Step 286 0.0286 0.0001 2 1.69861e-08 0 0 1
Step 287 0.0287 0.0001 2 3.93442e-08 0 0 1
Step 288 0.0288 0.0001 2 3.04895e-08 0 0 1
Step 289 0.0289 0.0001 2 2.40209e-08 0 0 1
Step 290 0.029 0.0001 2 1.51678e-08 0 0 1
Step 291 0.0291 0.0001 2 1.98493e-08 0 0 1
Step 292 0.0292 0.0001 2 4.76255e-08 0 0 1
Step 293 0.0293 0.0001 2 4.06619e-09 0 0 1
Step 294 0.0294 0.0001 2 5.38544e-08 0 0 1
Step 295 0.0295 0.0001 2 2.3102e-08 0 0 1
Step 296 0.0296 0.0001 2 1.96147e-08 0 0 1
Step 297 0.0297 0.0001 2 2.18147e-08 0 0 1
Step 298 0.0298 0.0001 2 1.55875e-08 0 0 1
Step 299 0.0299 0.0001 2 8.06845e-09 0 0 1
Step 300 0.03 0.0001 2 2.82495e-08 0 0 1
Step 301 0.0301 0.0001 2 4.61703e-09 0 0 1
Step 302 0.0302 0.0001 2 2.99556e-08 0 0 1
Step 303 0.0303 0.0001 2 9.02016e-09 0 0 1
Step 304 0.0304 0.0001 2 4.29781e-08 0 0 1
Step 305 0.0305 0.0001 2 1.06257e-08 0 0 1
Step 306 0.0306 0.0001 2 2.85278e-08 0 0 1
Step 307 0.0307 0.0001 2 1.0986e-08 0 0 1
Step 308 0.0308 0.0001 2 1.16987e-08 0 0 1
Step 309 0.0309 0.0001 2 2.52376e-08 0 0 1
Step 310 0.031 0.0001 2 3.28157e-09 0 0 1
Step 311 0.0311 0.0001 2 2.19076e-08 0 0 1
Step 312 0.0312 0.0001 2 3.42035e-08 0 0 1
Step 313 0.0313 0.0001 2 2.34287e-08 0 0 1
Step 314 0.0314 0.0001 2 3.90045e-08 0 0 1
Step 315 0.0315 0.0001 2 1.85858e-08 0 0 1
Step 316 0.0316 0.0001 2 1.46497e-08 0 0 1
Step 317 0.0317 0.0001 2 1.31973e-08 0 0 1
Step 318 0.0318 0.0001 2 2.62618e-08 0 0 1
Step 319 0.0319 0.0001 2 6.70931e-09 0 0 1
Step 320 0.032 0.0001 2 2.60788e-08 0 0 1
Step 321 0.0321 0.0001 2 5.2597e-08 0 0 1
Step 322 0.0322 0.0001 2 5.29009e-08 0 0 1
Step 323 0.0323 0.0001 2 3.01186e-08 0 0 1
Step 324 0.0324 0.0001 2 3.03648e-08 0 0 1
Step 325 0.0325 0.0001 2 3.11732e-08 0 0 1
Step 326 0.0326 0.0001 2 2.06512e-08 0 0 1
Step 327 0.0327 0.0001 2 3.42638e-08 0 0 1
Step 328 0.0328 0.0001 2 1.81058e-08 0 0 1
Step 329 0.0329 0.0001 2 1.61331e-08 0 0 1
Step 330 0.033 0.0001 2 1.62216e-08 0 0 1
Step 331 0.0331 0.0001 2 1.55408e-08 0 0 1
Step 332 0.0332 0.0001 2 3.91252e-08 0 0 1
Step 333 0.0333 0.0001 2 2.17862e-08 0 0 1
Step 334 0.0334 0.0001 2 1.01118e-08 0 0 1
Step 335 0.0335 0.0001 2 3.31488e-08 0 0 1
Step 336 0.0336 0.0001 2 3.45257e-08 0 0 1
Step 337 0.0337 0.0001 2 1.89464e-08 0 0 1
Step 338 0.0338 0.0001 2 6.39332e-08 0 0 1
Step 339 0.0339 0.0001 2 5.11984e-09 0 0 1
Step 340 0.034 0.0001 2 5.10581e-08 0 0 1
Step 341 0.0341 0.0001 2 4.18925e-08 0 0 1
Step 342 0.0342 0.0001 2 4.00916e-08 0 0 1
Step 343 0.0343 0.0001 2 5.51528e-08 0 0 1
Step 344 0.0344 0.0001 2 5.14665e-08 0 0 1
Step 345 0.0345 0.0001 2 1.53973e-09 0 0 1
Step 346 0.0346 0.0001 2 1.75893e-08 0 0 1
Step 347 0.0347 0.0001 2 4.08186e-08 0 0 1
Step 348 0.0348 0.0001 2 8.92556e-09 0 0 1
Step 349 0.0349 0.0001 2 1.61069e-08 0 0 1
Step 350 0.035 0.0001 2 2.0304e-08 0 0 1
Step 351 0.0351 0.0001 2 3.81661e-08 0 0 1
Step 352 0.0352 0.0001 2 4.05977e-08 0 0 1
Step 353 0.0353 0.0001 2 3.37013e-08 0 0 1
Step 354 0.0354 0.0001 2 2.78958e-08 0 0 1
Step 355 0.0355 0.0001 2 1.90908e-08 0 0 1
Step 356 0.0356 0.0001 2 1.60793e-08 0 0 1
Step 357 0.0357 0.0001 2 3.45138e-09 0 0 1
Step 358 0.0358 0.0001 2 1.90025e-08 0 0 1
Step 359 0.0359 0.0001 2 4.89335e-08 0 0 1
Step 360 0.036 0.0001 2 1.50456e-08 0 0 1
Step 361 0.0361 0.0001 2 1.70114e-08 0 0 1
Step 362 0.0362 0.0001 2 2.39454e-08 0 0 1
Step 363 0.0363 0.0001 2 4.94895e-09 0 0 1
Step 364 0.0364 0.0001 2 1.72046e-08 0 0 1
Step 365 0.0365 0.0001 2 4.4576e-08 0 0 1
Step 366 0.0366 0.0001 2 2.03251e-08 0 0 1
Step 367 0.0367 0.0001 2 1.00126e-08 0 0 1
Step 368 0.0368 0.0001 2 1.81475e-08 0 0 1
Step 369 0.0369 0.0001 2 2.38068e-08 0 0 1
Step 370 0.037 0.0001 2 4.41755e-08 0 0 1
Step 371 0.0371 0.0001 2 3.11092e-08 0 0 1
Step 372 0.0372 0.0001 2 1.86734e-08 0 0 1
Step 373 0.0373 0.0001 2 3.87777e-08 0 0 1
Step 374 0.0374 0.0001 2 2.69556e-08 0 0 1
Step 375 0.0375 0.0001 2 2.65081e-08 0 0 1
Step 376 0.0376 0.0001 2 3.20008e-08 0 0 1
Step 377 0.0377 0.0001 2 1.52703e-08 0 0 1
Step 378 0.0378 0.0001 2 1.25009e-08 0 0 1
Step 379 0.0379 0.0001 2 2.50068e-08 0 0 1
Step 380 0.038 0.0001 2 2.20692e-08 0 0 1
Step 381 0.0381 0.0001 2 7.77534e-09 0 0 1
Step 382 0.0382 0.0001 2 2.59921e-08 0 0 1
Step 383 0.0383 0.0001 2 1.83285e-08 0 0 1
Step 384 0.0384 0.0001 2 1.38154e-08 0 0 1
Step 385 0.0385 0.0001 2 2.15071e-08 0 0 1
Step 386 0.0386 0.0001 2 4.50659e-08 0 0 1
Step 387 0.0387 0.0001 2 4.88961e-08 0 0 1
Step 388 0.0388 0.0001 2 4.26093e-08 0 0 1
Step 389 0.0389 0.0001 2 2.9419e-08 0 0 1
Step 390 0.039 0.0001 2 4.61539e-08 0 0 1
Step 391 0.0391 0.0001 2 1.55809e-08 0 0 1
Step 392 0.0392 0.0001 2 1.81587e-08 0 0 1
Step 393 0.0393 0.0001 2 2.93655e-08 0 0 1
Step 394 0.0394 0.0001 2 4.36755e-08 0 0 1
Step 395 0.0395 0.0001 2 2.61237e-08 0 0 1
Step 396 0.0396 0.0001 2 5.8257e-08 0 0 1
Step 397 0.0397 0.0001 2 1.15382e-08 0 0 1
Step 398 0.0398 0.0001 2 3.20017e-08 0 0 1
Step 399 0.0399 0.0001 2 1.51338e-08 0 0 1
Step 400 0.04 0.0001 2 1.63879e-08 0 0 1
Step 401 0.0401 0.0001 2 3.95216e-08 0 0 1
Step 402 0.0402 0.0001 2 2.66898e-08 0 0 1
Step 403 0.0403 0.0001 2 1.74114e-08 0 0 1
Step 404 0.0404 0.0001 2 5.81537e-08 0 0 1
Step 405 0.0405 0.0001 2 6.70444e-08 0 0 1
Step 406 0.0406 0.0001 2 2.89796e-08 0 0 1
Step 407 0.0407 0.0001 2 3.22854e-09 0 0 1
Step 408 0.0408 0.0001 2 3.16218e-08 0 0 1
Step 409 0.0409 0.0001 2 5.67632e-08 0 0 1
Step 410 0.041 0.0001 2 3.42048e-08 0 0 1
Step 411 0.0411 0.0001 2 7.41888e-09 0 0 1
Step 412 0.0412 0.0001 2 3.49468e-08 0 0 1
Step 413 0.0413 0.0001 2 2.42652e-08 0 0 1
Step 414 0.0414 0.0001 2 3.15857e-08 0 0 1
Step 415 0.0415 0.0001 2 1.80092e-08 0 0 1
Step 416 0.0416 0.0001 2 1.42195e-08 0 0 1
Step 417 0.0417 0.0001 2 3.41695e-08 0 0 1
Step 418 0.0418 0.0001 2 3.41343e-08 0 0 1
Step 419 0.0419 0.0001 2 2.74072e-08 0 0 1
Step 420 0.042 0.0001 2 3.78791e-08 0 0 1
Step 421 0.0421 0.0001 2 3.18297e-08 0 0 1
Step 422 0.0422 0.0001 2 2.71916e-08 0 0 1
Step 423 0.0423 0.0001 2 1.39442e-08 0 0 1
Step 424 0.0424 0.0001 2 2.96609e-08 0 0 1
Step 425 0.0425 0.0001 2 2.03215e-08 0 0 1
Step 426 0.0426 0.0001 2 3.60398e-08 0 0 1
Step 427 0.0427 0.0001 2 1.95111e-08 0 0 1
Step 428 0.0428 0.0001 2 2.60245e-08 0 0 1
Step 429 0.0429 0.0001 2 4.76308e-08 0 0 1
Step 430 0.043 0.0001 2 2.5154e-08 0 0 1
Step 431 0.0431 0.0001 2 1.93642e-08 0 0 1
Step 432 0.0432 0.0001 2 1.52979e-08 0 0 1
Step 433 0.0433 0.0001 2 1.39706e-08 0 0 1
Step 434 0.0434 0.0001 2 2.46921e-08 0 0 1
Step 435 0.0435 0.0001 2 7.74358e-09 0 0 1
Step 436 0.0436 0.0001 2 3.29224e-08 0 0 1
Step 437 0.0437 0.0001 2 4.94936e-08 0 0 1
Step 438 0.0438 0.0001 2 9.97642e-09 0 0 1
Step 439 0.0439 0.0001 2 7.12044e-09 0 0 1
Step 440 0.044 0.0001 2 1.73723e-08 0 0 1
Step 441 0.0441 0.0001 2 1.49595e-08 0 0 1
Step 442 0.0442 0.0001 2 1.72677e-08 0 0 1
Step 443 0.0443 0.0001 2 5.58941e-09 0 0 1
Step 444 0.0444 0.0001 2 1.29201e-08 0 0 1
Step 445 0.0445 0.0001 2 2.38395e-08 0 0 1
Step 446 0.0446 0.0001 2 1.62776e-08 0 0 1
Step 447 0.0447 0.0001 2 1.32821e-08 0 0 1
Step 448 0.0448 0.0001 2 1.62809e-08 0 0 1
Step 449 0.0449 0.0001 2 3.82785e-08 0 0 1
Step 450 0.045 0.0001 2 2.52535e-08 0 0 1
Step 451 0.0451 0.0001 2 1.43326e-09 0 0 1
Step 452 0.0452 0.0001 2 1.41999e-08 0 0 1
Step 453 0.0453 0.0001 2 3.86036e-09 0 0 1
Step 454 0.0454 0.0001 2 1.46051e-08 0 0 1
Step 455 0.0455 0.0001 2 2.37669e-08 0 0 1
Step 456 0.0456 0.0001 2 5.43684e-08 0 0 1
Step 457 0.0457 0.0001 2 1.22634e-08 0 0 1
Step 458 0.0458 0.0001 2 7.99057e-09 0 0 1
Step 459 0.0459 0.0001 2 5.07728e-08 0 0 1
Step 460 0.046 0.0001 2 3.70558e-08 0 0 1
Step 461 0.0461 0.0001 2 1.01075e-08 0 0 1
Step 462 0.0462 0.0001 2 1.5283e-08 0 0 1
Step 463 0.0463 0.0001 2 3.77529e-08 0 0 1
Step 464 0.0464 0.0001 2 2.22762e-08 0 0 1
Step 465 0.0465 0.0001 2 2.07125e-08 0 0 1
Step 466 0.0466 0.0001 2 2.52607e-08 0 0 1
Step 467 0.0467 0.0001 2 2.36345e-08 0 0 1
Step 468 0.0468 0.0001 2 7.27933e-09 0 0 1
Step 469 0.0469 0.0001 2 3.87903e-08 0 0 1
Step 470 0.047 0.0001 2 2.48671e-08 0 0 1
Step 471 0.0471 0.0001 2 4.69476e-09 0 0 1
Step 472 0.0472 0.0001 2 2.64723e-08 0 0 1
Step 473 0.0473 0.0001 2 1.83278e-08 0 0 1
Step 474 0.0474 0.0001 2 7.04708e-08 0 0 1
Step 475 0.0475 0.0001 2 4.04361e-09 0 0 1
Step 476 0.0476 0.0001 2 1.34627e-08 0 0 1
Step 477 0.0477 0.0001 2 3.79745e-08 0 0 1
Step 478 0.0478 0.0001 2 1.92228e-08 0 0 1
Step 479 0.0479 0.0001 2 1.03475e-08 0 0 1
Step 480 0.048 0.0001 2 3.04901e-08 0 0 1
Step 481 0.0481 0.0001 2 5.73949e-09 0 0 1
Step 482 0.0482 0.0001 2 3.74809e-08 0 0 1
Step 483 0.0483 0.0001 2 4.70923e-08 0 0 1
Step 484 0.0484 0.0001 2 3.48328e-08 0 0 1
Step 485 0.0485 0.0001 2 3.09271e-08 0 0 1
Step 486 0.0486 0.0001 2 1.5533e-08 0 0 1
Step 487 0.0487 0.0001 2 3.74696e-08 0 0 1
Step 488 0.0488 0.0001 2 3.94349e-08 0 0 1
Step 489 0.0489 0.0001 2 4.74943e-09 0 0 1
Step 490 0.049 0.0001 2 4.05513e-08 0 0 1
Step 491 0.0491 0.0001 2 2.39327e-08 0 0 1
Step 492 0.0492 0.0001 2 2.64963e-08 0 0 1
Step 493 0.0493 0.0001 2 4.77757e-09 0 0 1
Step 494 0.0494 0.0001 2 2.08693e-08 0 0 1
Step 495 0.0495 0.0001 2 3.43123e-08 0 0 1
Step 496 0.0496 0.0001 2 1.32518e-08 0 0 1
Step 497 0.0497 0.0001 2 2.18039e-08 0 0 1
Step 498 0.0498 0.0001 2 2.32362e-08 0 0 1
Step 499 0.0499 0.0001 2 2.5385e-08 0 0 1
Step 500 0.05 0.0001 2 3.51945e-08 0 0 1
